<?xml version="1.0" encoding="UTF-8"?>
<testsuite name="SimpleBankSystemTest" tests="1" skipped="0" failures="0" errors="0" timestamp="2021-09-28T01:44:02" hostname="ADMIN" time="0.345">
  <properties/>
  <testcase name="start" classname="SimpleBankSystemTest" time="0.345"/>
  <system-out><![CDATA[?[1;31m
Start test 1?[0m

1. Create an account
2. Log into account
0. Exit
> 1

Your card has been created
Your card number:
4000006499325581
Your card PIN:
0992

1. Create an account
2. Log into account
0. Exit
> 1

Your card has been created
Your card number:
4000009307399197
Your card PIN:
9269

1. Create an account
2. Log into account
0. Exit
> 0

Bye!
?[1;31m
Start test 2?[0m

1. Create an account
2. Log into account
0. Exit
> 1

Your card has been created
Your card number:
4000003712008614
Your card PIN:
0410

1. Create an account
2. Log into account
0. Exit
> 2

Enter your card number:
> 4000003712008614
Enter your PIN:
> 0410

You have successfully logged in!

1. Balance
2. Log out
0. Exit
> 2

You have successfully logged out!

1. Create an account
2. Log into account
0. Exit
> 0

Bye!
?[1;31m
Start test 3?[0m

1. Create an account
2. Log into account
0. Exit
> 1

Your card has been created
Your card number:
4000003685723118
Your card PIN:
6842

1. Create an account
2. Log into account
0. Exit
> 2

Enter your card number:
> 4000003685723118
Enter your PIN:
> 9326

Wrong card number or PIN!

1. Create an account
2. Log into account
0. Exit
> 0

Bye!
?[1;31m
Start test 4?[0m

1. Create an account
2. Log into account
0. Exit
> 1

Your card has been created
Your card number:
4000000099981536
Your card PIN:
6227

1. Create an account
2. Log into account
0. Exit
> 2

Enter your card number:
> 400000496150042
Enter your PIN:
> 6227

Wrong card number or PIN!

1. Create an account
2. Log into account
0. Exit
?[1;31m
Start test 5?[0m

1. Create an account
2. Log into account
0. Exit
> 1

Your card has been created
Your card number:
4000006382158501
Your card PIN:
9791

1. Create an account
2. Log into account
0. Exit
> 2

Enter your card number:
> 4000006382158501
Enter your PIN:
> 9791

You have successfully logged in!

1. Balance
2. Log out
0. Exit
> 1

Balance: 0.0

1. Balance
2. Log out
0. Exit
> 0

1. Create an account
2. Log into account
0. Exit
]]></system-out>
  <system-err><![CDATA[]]></system-err>
</testsuite>
